{"/Users/n.devs/Documents/GitHub/generate-random-string/index.js": {"path":"/Users/n.devs/Documents/GitHub/generate-random-string/index.js","statementMap":{"0":{"start":{"line":2,"column":19},"end":{"line":2,"column":36}},"1":{"start":{"line":3,"column":0},"end":{"line":11,"column":1}},"2":{"start":{"line":4,"column":18},"end":{"line":5,"column":36}},"3":{"start":{"line":6,"column":12},"end":{"line":6,"column":14}},"4":{"start":{"line":7,"column":1},"end":{"line":9,"column":2}},"5":{"start":{"line":7,"column":14},"end":{"line":7,"column":15}},"6":{"start":{"line":8,"column":2},"end":{"line":8,"column":55}},"7":{"start":{"line":10,"column":1},"end":{"line":10,"column":13}}},"fnMap":{"0":{"name":"(anonymous_0)","decl":{"start":{"line":3,"column":17},"end":{"line":3,"column":18}},"loc":{"start":{"line":3,"column":50},"end":{"line":11,"column":1}},"line":3}},"branchMap":{"0":{"loc":{"start":{"line":3,"column":26},"end":{"line":3,"column":45}},"type":"default-arg","locations":[{"start":{"line":3,"column":41},"end":{"line":3,"column":45}}],"line":3},"1":{"loc":{"start":{"line":5,"column":3},"end":{"line":5,"column":35}},"type":"cond-expr","locations":[{"start":{"line":5,"column":18},"end":{"line":5,"column":30}},{"start":{"line":5,"column":33},"end":{"line":5,"column":35}}],"line":5}},"s":{"0":1,"1":1,"2":1,"3":1,"4":1,"5":1,"6":20,"7":1},"f":{"0":1},"b":{"0":[1],"1":[1,0]},"_coverageSchema":"1a1c01bbd47fc00a2c39e90264f33305004495a9","hash":"b23c67961819bf9953eb0266bad7bef32a06e0bf"}
}
